[15:50:18] [main/INFO] (FabricLoader/GameProvider) Loading Minecraft 1.14.4 with Fabric Loader 0.19.3
[15:50:18] [main/DEBUG] (FabricLoader/GamePatch) Found game constructor: net.minecraft.client.main.Main -> net.minecraft.client.Minecraft
[15:50:18] [main/DEBUG] (FabricLoader/GamePatch) Patching game constructor init()V
[15:50:18] [main/DEBUG] (FabricLoader/GamePatch) Run directory field is thought to be net/minecraft/client/Minecraft/gameDirectory
[15:50:18] [main/DEBUG] (FabricLoader/GamePatch) Applying brand name hook to net/minecraft/client/ClientBrandRetriever::getClientModName
[15:50:18] [main/DEBUG] (FabricLoader/GamePatch) Applying brand name hook to net/minecraft/server/MinecraftServer::getServerModName
[15:50:18] [main/DEBUG] (FabricLoader/GamePatch) Patched 3 classs
[15:50:18] [main/DEBUG] (FabricLoader/Discovery) Mod discovery time: 16,6 ms
[15:50:18] [main/DEBUG] (FabricLoader/Resolution) Mod resolution time: 31,5 ms
[15:50:18] [main/INFO] (FabricLoader) Loading 33 mods:
	- cloth-config2 1.8
	- fabric 0.3.0+build.207
	- fabric-api-base 0.1.0+b494ebeb42
	- fabric-biomes-v1 0.1.0+896c7fbb42
	- fabric-commands-v0 0.1.1+b494ebeb42
	- fabric-containers-v0 0.1.2+b494ebeb42
	- fabric-content-registries-v0 0.1.1+b494ebeb42
	- fabric-crash-report-info-v1 0.1.0+5914746342
	- fabric-events-interaction-v0 0.1.0+ea100f6142
	- fabric-events-lifecycle-v0 0.1.0+5914746342
	- fabric-item-groups-v0 0.1.0+1e69a0a542
	- fabric-keybindings-v0 0.1.1+7dfef87c42
	- fabric-loot-tables-v1 0.1.0+b494ebeb42
	- fabric-mining-levels-v0 0.1.0+ab421b9c42
	- fabric-models-v0 0.1.0+5914746342
	- fabric-networking-blockentity-v0 0.1.1+b494ebeb42
	- fabric-networking-v0 0.1.2+9b03381f42
	- fabric-object-builders-v0 0.1.1+9b03381f42
	- fabric-registry-sync-v0 0.2.2+9b03381f42
	- fabric-renderer-api-v1 0.1.1+9b03381f42
	- fabric-renderer-indigo 0.1.9+9b03381f42
	- fabric-rendering-data-attachment-v1 0.1.0+b494ebeb42
	- fabric-rendering-fluids-v1 0.1.0+dc4c57c242
	- fabric-rendering-v0 0.1.1+6dad974e42
	- fabric-resource-loader-v0 0.1.3+b02deb0042
	- fabric-tag-extensions-v0 0.1.1+b494ebeb42
	- fabric-textures-v0 0.1.4+b494ebeb42
	- fabricloader 0.19.3
	- java 17
	- minecraft 1.14.4
	- mixinextras 0.5.4
	- modmenu 1.7.17+build.1
	- transformable-items 1.0.0
[15:50:18] [main/DEBUG] (FabricLoader/Knot) Adding /home/shaweel/Code/transformable-items/.gradle/loom-cache/remapped_mods/remapped/net/fabricmc/fabric-api/fabric-containers-v0-5c85d194/0.1.2+b494ebeb42/fabric-containers-v0-5c85d194-0.1.2+b494ebeb42.jar to classpath.
[15:50:18] [main/DEBUG] (FabricLoader/Knot) Adding /home/shaweel/.gradle/caches/modules-2/files-2.1/io.github.llamalad7/mixinextras-fabric/0.5.4/5e167154bcb9942111313a5e186e16cd7265f858/mixinextras-fabric-0.5.4.jar to classpath.
[15:50:18] [main/DEBUG] (FabricLoader/Knot) Adding /home/shaweel/Code/transformable-items/.gradle/loom-cache/remapped_mods/remapped/net/fabricmc/fabric-api/fabric-registry-sync-v0-5c85d194/0.2.2+9b03381f42/fabric-registry-sync-v0-5c85d194-0.2.2+9b03381f42.jar to classpath.
[15:50:18] [main/DEBUG] (FabricLoader/Knot) Adding /home/shaweel/Code/transformable-items/.gradle/loom-cache/remapped_mods/remapped/net/fabricmc/fabric-api/fabric-networking-v0-5c85d194/0.1.2+9b03381f42/fabric-networking-v0-5c85d194-0.1.2+9b03381f42.jar to classpath.
[15:50:18] [main/DEBUG] (FabricLoader/Knot) Adding /home/shaweel/Code/transformable-items/.gradle/loom-cache/remapped_mods/remapped/net/fabricmc/fabric-api/fabric-rendering-v0-5c85d194/0.1.1+6dad974e42/fabric-rendering-v0-5c85d194-0.1.1+6dad974e42.jar to classpath.
[15:50:18] [main/DEBUG] (FabricLoader/Knot) Adding /home/shaweel/Code/transformable-items/.gradle/loom-cache/remapped_mods/remapped/net/fabricmc/fabric-api/fabric-events-lifecycle-v0-5c85d194/0.1.0+5914746342/fabric-events-lifecycle-v0-5c85d194-0.1.0+5914746342.jar to classpath.
[15:50:18] [main/DEBUG] (FabricLoader/Knot) Adding /home/shaweel/Code/transformable-items/.gradle/loom-cache/remapped_mods/remapped/net/fabricmc/fabric-api/fabric-models-v0-5c85d194/0.1.0+5914746342/fabric-models-v0-5c85d194-0.1.0+5914746342.jar to classpath.
[15:50:18] [main/DEBUG] (FabricLoader/Knot) Adding /home/shaweel/Code/transformable-items/.gradle/loom-cache/remapped_mods/remapped/net/fabricmc/fabric-api/fabric-biomes-v1-5c85d194/0.1.0+896c7fbb42/fabric-biomes-v1-5c85d194-0.1.0+896c7fbb42.jar to classpath.
[15:50:18] [main/DEBUG] (FabricLoader/Knot) Adding /home/shaweel/Code/transformable-items/.gradle/loom-cache/remapped_mods/remapped/me/shedaniel/cloth/config-2-5c85d194/1.8/config-2-5c85d194-1.8.jar to classpath.
[15:50:18] [main/DEBUG] (FabricLoader/Knot) Adding /home/shaweel/Code/transformable-items/.gradle/loom-cache/remapped_mods/remapped/net/fabricmc/fabric-api/fabric-api-5c85d194/0.3.0+build.207/fabric-api-5c85d194-0.3.0+build.207.jar to classpath.
[15:50:18] [main/DEBUG] (FabricLoader/Knot) Adding /home/shaweel/Code/transformable-items/bin/main to classpath.
[15:50:18] [main/DEBUG] (FabricLoader/Knot) Adding /home/shaweel/Code/transformable-items/.gradle/loom-cache/remapped_mods/remapped/net/fabricmc/fabric-api/fabric-mining-levels-v0-5c85d194/0.1.0+ab421b9c42/fabric-mining-levels-v0-5c85d194-0.1.0+ab421b9c42.jar to classpath.
[15:50:18] [main/DEBUG] (FabricLoader/Knot) Adding /home/shaweel/Code/transformable-items/.gradle/loom-cache/remapped_mods/remapped/net/fabricmc/fabric-api/fabric-api-base-5c85d194/0.1.0+b494ebeb42/fabric-api-base-5c85d194-0.1.0+b494ebeb42.jar to classpath.
[15:50:18] [main/DEBUG] (FabricLoader/Knot) Adding /home/shaweel/Code/transformable-items/.gradle/loom-cache/remapped_mods/remapped/net/fabricmc/fabric-api/fabric-keybindings-v0-5c85d194/0.1.1+7dfef87c42/fabric-keybindings-v0-5c85d194-0.1.1+7dfef87c42.jar to classpath.
[15:50:18] [main/DEBUG] (FabricLoader/Knot) Adding /home/shaweel/Code/transformable-items/.gradle/loom-cache/remapped_mods/remapped/net/fabricmc/fabric-api/fabric-rendering-fluids-v1-5c85d194/0.1.0+dc4c57c242/fabric-rendering-fluids-v1-5c85d194-0.1.0+dc4c57c242.jar to classpath.
[15:50:18] [main/DEBUG] (FabricLoader/Knot) Adding /home/shaweel/Code/transformable-items/.gradle/loom-cache/remapped_mods/remapped/net/fabricmc/fabric-api/fabric-commands-v0-5c85d194/0.1.1+b494ebeb42/fabric-commands-v0-5c85d194-0.1.1+b494ebeb42.jar to classpath.
[15:50:18] [main/DEBUG] (FabricLoader/Knot) Adding /home/shaweel/Code/transformable-items/.gradle/loom-cache/remapped_mods/remapped/net/fabricmc/fabric-api/fabric-crash-report-info-v1-5c85d194/0.1.0+5914746342/fabric-crash-report-info-v1-5c85d194-0.1.0+5914746342.jar to classpath.
[15:50:18] [main/DEBUG] (FabricLoader/Knot) Adding /home/shaweel/Code/transformable-items/.gradle/loom-cache/remapped_mods/remapped/net/fabricmc/fabric-api/fabric-resource-loader-v0-5c85d194/0.1.3+b02deb0042/fabric-resource-loader-v0-5c85d194-0.1.3+b02deb0042.jar to classpath.
[15:50:18] [main/DEBUG] (FabricLoader/Knot) Adding /home/shaweel/Code/transformable-items/.gradle/loom-cache/remapped_mods/remapped/net/fabricmc/fabric-api/fabric-object-builders-v0-5c85d194/0.1.1+9b03381f42/fabric-object-builders-v0-5c85d194-0.1.1+9b03381f42.jar to classpath.
[15:50:18] [main/DEBUG] (FabricLoader/Knot) Adding /home/shaweel/Code/transformable-items/.gradle/loom-cache/remapped_mods/remapped/net/fabricmc/fabric-api/fabric-events-interaction-v0-5c85d194/0.1.0+ea100f6142/fabric-events-interaction-v0-5c85d194-0.1.0+ea100f6142.jar to classpath.
[15:50:18] [main/DEBUG] (FabricLoader/Knot) Adding /home/shaweel/Code/transformable-items/.gradle/loom-cache/remapped_mods/remapped/net/fabricmc/fabric-api/fabric-tag-extensions-v0-5c85d194/0.1.1+b494ebeb42/fabric-tag-extensions-v0-5c85d194-0.1.1+b494ebeb42.jar to classpath.
[15:50:18] [main/DEBUG] (FabricLoader/Knot) Adding /home/shaweel/Code/transformable-items/.gradle/loom-cache/remapped_mods/remapped/net/fabricmc/fabric-api/fabric-renderer-api-v1-5c85d194/0.1.1+9b03381f42/fabric-renderer-api-v1-5c85d194-0.1.1+9b03381f42.jar to classpath.
[15:50:18] [main/DEBUG] (FabricLoader/Knot) Adding /home/shaweel/Code/transformable-items/.gradle/loom-cache/remapped_mods/remapped/io/github/prospector/modmenu-5c85d194/1.7.17+build.1/modmenu-5c85d194-1.7.17+build.1.jar to classpath.
[15:50:18] [main/DEBUG] (FabricLoader/Knot) Adding /home/shaweel/Code/transformable-items/.gradle/loom-cache/remapped_mods/remapped/net/fabricmc/fabric-api/fabric-textures-v0-5c85d194/0.1.4+b494ebeb42/fabric-textures-v0-5c85d194-0.1.4+b494ebeb42.jar to classpath.
[15:50:18] [main/DEBUG] (FabricLoader/Knot) Adding /home/shaweel/Code/transformable-items/.gradle/loom-cache/remapped_mods/remapped/net/fabricmc/fabric-api/fabric-renderer-indigo-5c85d194/0.1.9+9b03381f42/fabric-renderer-indigo-5c85d194-0.1.9+9b03381f42.jar to classpath.
[15:50:18] [main/DEBUG] (FabricLoader/Knot) Adding /home/shaweel/Code/transformable-items/.gradle/loom-cache/remapped_mods/remapped/net/fabricmc/fabric-api/fabric-rendering-data-attachment-v1-5c85d194/0.1.0+b494ebeb42/fabric-rendering-data-attachment-v1-5c85d194-0.1.0+b494ebeb42.jar to classpath.
[15:50:18] [main/DEBUG] (FabricLoader/Knot) Adding /home/shaweel/Code/transformable-items/.gradle/loom-cache/remapped_mods/remapped/net/fabricmc/fabric-api/fabric-networking-blockentity-v0-5c85d194/0.1.1+b494ebeb42/fabric-networking-blockentity-v0-5c85d194-0.1.1+b494ebeb42.jar to classpath.
[15:50:18] [main/DEBUG] (FabricLoader/Knot) Adding /home/shaweel/Code/transformable-items/.gradle/loom-cache/remapped_mods/remapped/net/fabricmc/fabric-api/fabric-item-groups-v0-5c85d194/0.1.0+1e69a0a542/fabric-item-groups-v0-5c85d194-0.1.0+1e69a0a542.jar to classpath.
[15:50:18] [main/DEBUG] (FabricLoader/Knot) Adding /home/shaweel/Code/transformable-items/.gradle/loom-cache/remapped_mods/remapped/net/fabricmc/fabric-api/fabric-content-registries-v0-5c85d194/0.1.1+b494ebeb42/fabric-content-registries-v0-5c85d194-0.1.1+b494ebeb42.jar to classpath.
[15:50:18] [main/DEBUG] (FabricLoader/Knot) Adding /home/shaweel/Code/transformable-items/.gradle/loom-cache/remapped_mods/remapped/net/fabricmc/fabric-api/fabric-loot-tables-v1-5c85d194/0.1.0+b494ebeb42/fabric-loot-tables-v1-5c85d194-0.1.0+b494ebeb42.jar to classpath.
[15:50:18] [main/DEBUG] (FabricLoader/Entrypoint) Registering new-style initializer net.fabricmc.fabric.impl.client.gui.ScreenProviderRegistryImpl::init for mod fabric-containers-v0 (key client)
[15:50:18] [main/DEBUG] (FabricLoader/Entrypoint) Registering new-style initializer net.fabricmc.fabric.impl.registry.FabricRegistryClientInit for mod fabric-registry-sync-v0 (key client)
[15:50:18] [main/DEBUG] (FabricLoader/Entrypoint) Registering new-style initializer me.shedaniel.clothconfig2.ClothConfigInitializer for mod cloth-config2 (key client)
[15:50:18] [main/DEBUG] (FabricLoader/Entrypoint) Registering new-style initializer me.shaweel.transformableitems.ModMenuIntegration for mod transformable-items (key modmenu)
[15:50:18] [main/DEBUG] (FabricLoader/Entrypoint) Registering new-style initializer me.shaweel.transformableitems.TransformableItemsInitializer for mod transformable-items (key client)
[15:50:18] [main/DEBUG] (FabricLoader/Entrypoint) Registering new-style initializer net.fabricmc.fabric.impl.event.InteractionEventsRouterClient for mod fabric-events-interaction-v0 (key client)
[15:50:18] [main/DEBUG] (FabricLoader/Entrypoint) Registering new-style initializer net.fabricmc.fabric.impl.event.InteractionEventsRouter for mod fabric-events-interaction-v0 (key main)
[15:50:18] [main/DEBUG] (FabricLoader/Entrypoint) Registering new-style initializer io.github.prospector.modmenu.ModMenu for mod modmenu (key client)
[15:50:18] [main/DEBUG] (FabricLoader/Entrypoint) Registering new-style initializer net.fabricmc.indigo.Indigo for mod fabric-renderer-indigo (key client)
[15:50:18] [main/INFO] (FabricLoader/Mixin) SpongePowered MIXIN Subsystem Version=0.8.7 Source=file:/home/shaweel/.gradle/caches/modules-2/files-2.1/net.fabricmc/sponge-mixin/0.17.3+mixin.0.8.7/41c4a3984a80f4679e759fb9f495587acc5cdac7/sponge-mixin-0.17.3+mixin.0.8.7.jar Service=Knot/Fabric Env=CLIENT
[15:50:18] [main/DEBUG] (FabricLoader/Mixin) Initialising Mixin Platform Manager
[15:50:18] [main/DEBUG] (FabricLoader/Mixin) Adding mixin platform agents for container ContainerHandleURI(file:///home/shaweel/.gradle/caches/modules-2/files-2.1/net.fabricmc/fabric-loader/0.19.3/354dfaa02d0552e11867f85dff7cdbfaf813ba3e/fabric-loader-0.19.3.jar)
[15:50:18] [main/DEBUG] (FabricLoader/Mixin) Instancing new MixinPlatformAgentDefault for ContainerHandleURI(file:///home/shaweel/.gradle/caches/modules-2/files-2.1/net.fabricmc/fabric-loader/0.19.3/354dfaa02d0552e11867f85dff7cdbfaf813ba3e/fabric-loader-0.19.3.jar)
[15:50:18] [main/DEBUG] (FabricLoader/Mixin) MixinPlatformAgentDefault accepted container ContainerHandleURI(file:///home/shaweel/.gradle/caches/modules-2/files-2.1/net.fabricmc/fabric-loader/0.19.3/354dfaa02d0552e11867f85dff7cdbfaf813ba3e/fabric-loader-0.19.3.jar)
[15:50:18] [main/DEBUG] (FabricLoader/Mixin) Instancing new MixinPlatformAgentDefault for ContainerHandleURI(file:///home/shaweel/.gradle/caches/modules-2/files-2.1/net.fabricmc/fabric-loader/0.19.3/354dfaa02d0552e11867f85dff7cdbfaf813ba3e/fabric-loader-0.19.3.jar)
[15:50:18] [main/DEBUG] (FabricLoader/Mixin) MixinPlatformAgentDefault accepted container ContainerHandleURI(file:///home/shaweel/.gradle/caches/modules-2/files-2.1/net.fabricmc/fabric-loader/0.19.3/354dfaa02d0552e11867f85dff7cdbfaf813ba3e/fabric-loader-0.19.3.jar)
[15:50:18] [main/DEBUG] (FabricLoader/Mixin) Processing prepare() for PlatformAgent[MixinPlatformAgentDefault:ContainerHandleURI(file:///home/shaweel/.gradle/caches/modules-2/files-2.1/net.fabricmc/fabric-loader/0.19.3/354dfaa02d0552e11867f85dff7cdbfaf813ba3e/fabric-loader-0.19.3.jar)]
[15:50:18] [main/DEBUG] (FabricLoader/Mixin) Processing prepare() for PlatformAgent[MixinPlatformAgentDefault:ContainerHandleURI(file:///home/shaweel/.gradle/caches/modules-2/files-2.1/net.fabricmc/fabric-loader/0.19.3/354dfaa02d0552e11867f85dff7cdbfaf813ba3e/fabric-loader-0.19.3.jar)]
[15:50:18] [main/INFO] (FabricLoader/Mixin) Loaded Fabric development mappings for mixin remapper!
[15:50:18] [main/DEBUG] (FabricLoader/Mixin) Mixin config fabric-containers-v0.mixins.json does not specify "minVersion" or "requiredFeatures" property
[15:50:18] [main/DEBUG] (FabricLoader/Mixin) Mixin config fabric-containers-v0.accurate.mixins.json does not specify "minVersion" or "requiredFeatures" property
[15:50:18] [main/DEBUG] (FabricLoader/Mixin) Mixin config fabric-registry-sync-v0.mixins.json does not specify "minVersion" or "requiredFeatures" property
[15:50:18] [main/DEBUG] (FabricLoader/Mixin) Mixin config fabric-networking-v0.mixins.json does not specify "minVersion" or "requiredFeatures" property
[15:50:18] [main/DEBUG] (FabricLoader/Mixin) Mixin config fabric-rendering-v0.mixins.json does not specify "minVersion" or "requiredFeatures" property
[15:50:18] [main/DEBUG] (FabricLoader/Mixin) Mixin config fabric-events-lifecycle-v0.mixins.json does not specify "minVersion" or "requiredFeatures" property
[15:50:18] [main/DEBUG] (FabricLoader/Mixin) Mixin config fabric-models-v0.mixins.json does not specify "minVersion" or "requiredFeatures" property
[15:50:18] [main/DEBUG] (FabricLoader/Mixin) Mixin config fabric-biomes-v1.mixins.json does not specify "minVersion" or "requiredFeatures" property
[15:50:18] [main/DEBUG] (FabricLoader/Mixin) Compatibility level JAVA_17 specified by transformable-items.mixins.json is higher than the maximum level supported by this version of mixin (JAVA_13).
[15:50:18] [main/INFO] (FabricLoader/Mixin) Compatibility level set to JAVA_17
[15:50:18] [main/DEBUG] (FabricLoader/Mixin) Mixin config transformable-items.mixins.json does not specify "minVersion" or "requiredFeatures" property
[15:50:18] [main/DEBUG] (FabricLoader/Mixin) Mixin config fabric-mining-levels-v0.mixins.json does not specify "minVersion" or "requiredFeatures" property
[15:50:18] [main/DEBUG] (FabricLoader/Mixin) Mixin config fabric-keybindings-v0.mixins.json does not specify "minVersion" or "requiredFeatures" property
[15:50:18] [main/DEBUG] (FabricLoader/Mixin) Mixin config fabric-rendering-fluids-v1.mixins.json does not specify "minVersion" or "requiredFeatures" property
[15:50:18] [main/DEBUG] (FabricLoader/Mixin) Mixin config fabric-commands-v0.mixins.json does not specify "minVersion" or "requiredFeatures" property
[15:50:18] [main/DEBUG] (FabricLoader/Mixin) Mixin config fabric-crash-report-info-v1.mixins.json does not specify "minVersion" or "requiredFeatures" property
[15:50:18] [main/DEBUG] (FabricLoader/Mixin) Mixin config fabric-resource-loader-v0.mixins.json does not specify "minVersion" or "requiredFeatures" property
[15:50:18] [main/DEBUG] (FabricLoader/Mixin) Mixin config fabric-object-builders-v0.mixins.json does not specify "minVersion" or "requiredFeatures" property
[15:50:18] [main/DEBUG] (FabricLoader/Mixin) Mixin config fabric-events-interaction-v0.mixins.json does not specify "minVersion" or "requiredFeatures" property
[15:50:18] [main/DEBUG] (FabricLoader/Mixin) Mixin config fabric-tag-extensions-v0.mixins.json does not specify "minVersion" or "requiredFeatures" property
[15:50:18] [main/DEBUG] (FabricLoader/Mixin) Mixin config fabric-renderer-api-v1.mixins.json does not specify "minVersion" or "requiredFeatures" property
[15:50:18] [main/DEBUG] (FabricLoader/Mixin) Mixin config fabric-renderer-api-v1.debughud.mixins.json does not specify "minVersion" or "requiredFeatures" property
[15:50:18] [main/DEBUG] (FabricLoader/Mixin) Mixin config mixins.modmenu.json does not specify "minVersion" or "requiredFeatures" property
[15:50:18] [main/DEBUG] (FabricLoader/Mixin) Mixin config fabric-textures-v0.mixins.json does not specify "minVersion" or "requiredFeatures" property
[15:50:18] [main/DEBUG] (FabricLoader/Mixin) Mixin config fabric-renderer-indigo.mixins.json does not specify "minVersion" or "requiredFeatures" property
[15:50:18] [main/DEBUG] (FabricLoader/Mixin) Mixin config fabric-rendering-data-attachment-v1.mixins.json does not specify "minVersion" or "requiredFeatures" property
[15:50:18] [main/DEBUG] (FabricLoader/Mixin) Mixin config fabric-networking-blockentity-v0.mixins.json does not specify "minVersion" or "requiredFeatures" property
[15:50:18] [main/DEBUG] (FabricLoader/Mixin) Mixin config fabric-item-groups-v0.mixins.json does not specify "minVersion" or "requiredFeatures" property
[15:50:18] [main/DEBUG] (FabricLoader/Mixin) Mixin config fabric-content-registries-v0.mixins.json does not specify "minVersion" or "requiredFeatures" property
[15:50:18] [main/DEBUG] (FabricLoader/Mixin) Mixin config fabric-loot-tables-v1.mixins.json does not specify "minVersion" or "requiredFeatures" property
[15:50:18] [main/DEBUG] (FabricLoader/Knot) Adding /home/shaweel/Code/transformable-items/bin/main to classpath.
[15:50:18] [main/DEBUG] (FabricLoader/Knot) Adding /home/shaweel/.gradle/caches/modules-2/files-2.1/org.jetbrains/annotations/26.0.2/c7ce3cdeda3d18909368dfe5977332dfad326c6d/annotations-26.0.2.jar to classpath.
[15:50:18] [main/DEBUG] (FabricLoader/Knot) Adding /home/shaweel/.gradle/caches/modules-2/files-2.1/io.github.llamalad7/mixinextras-fabric/0.5.4/5e167154bcb9942111313a5e186e16cd7265f858/mixinextras-fabric-0.5.4.jar to classpath.
[15:50:18] [main/DEBUG] (FabricLoader/Knot) Adding /home/shaweel/.gradle/caches/modules-2/files-2.1/oshi-project/oshi-core/1.1/9ddf7b048a8d701be231c0f4f95fd986198fd2d8/oshi-core-1.1.jar to classpath.
[15:50:18] [main/DEBUG] (FabricLoader/Knot) Adding /home/shaweel/.gradle/caches/modules-2/files-2.1/net.java.dev.jna/jna/4.4.0/cb208278274bf12ebdb56c61bd7407e6f774d65a/jna-4.4.0.jar to classpath.
[15:50:18] [main/DEBUG] (FabricLoader/Knot) Adding /home/shaweel/.gradle/caches/modules-2/files-2.1/net.java.dev.jna/platform/3.4.0/e3f70017be8100d3d6923f50b3d2ee17714e9c13/platform-3.4.0.jar to classpath.
[15:50:18] [main/DEBUG] (FabricLoader/Knot) Adding /home/shaweel/.gradle/caches/modules-2/files-2.1/com.ibm.icu/icu4j-core-mojang/51.2/63d216a9311cca6be337c1e458e587f99d382b84/icu4j-core-mojang-51.2.jar to classpath.
[15:50:18] [main/DEBUG] (FabricLoader/Knot) Adding /home/shaweel/.gradle/caches/modules-2/files-2.1/com.mojang/javabridge/1.0.22/6aa6453aa99a52a5cd91749da1af6ab70e082ab3/javabridge-1.0.22.jar to classpath.
[15:50:18] [main/DEBUG] (FabricLoader/Knot) Adding /home/shaweel/.gradle/caches/modules-2/files-2.1/net.sf.jopt-simple/jopt-simple/5.0.3/cdd846cfc4e0f7eefafc02c0f5dce32b9303aa2a/jopt-simple-5.0.3.jar to classpath.
[15:50:18] [main/DEBUG] (FabricLoader/Knot) Adding /home/shaweel/.gradle/caches/modules-2/files-2.1/io.netty/netty-all/4.1.25.Final/d0626cd3108294d1d58c05859add27b4ef21f83b/netty-all-4.1.25.Final.jar to classpath.
[15:50:18] [main/DEBUG] (FabricLoader/Knot) Adding /home/shaweel/.gradle/caches/modules-2/files-2.1/com.google.guava/guava/21.0/3a3d111be1be1b745edfa7d91678a12d7ed38709/guava-21.0.jar to classpath.
[15:50:18] [main/DEBUG] (FabricLoader/Knot) Adding /home/shaweel/.gradle/caches/modules-2/files-2.1/org.apache.commons/commons-lang3/3.5/6c6c702c89bfff3cd9e80b04d668c5e190d588c6/commons-lang3-3.5.jar to classpath.
[15:50:18] [main/DEBUG] (FabricLoader/Knot) Adding /home/shaweel/.gradle/caches/modules-2/files-2.1/commons-io/commons-io/2.5/2852e6e05fbb95076fc091f6d1780f1f8fe35e0f/commons-io-2.5.jar to classpath.
[15:50:18] [main/DEBUG] (FabricLoader/Knot) Adding /home/shaweel/.gradle/caches/modules-2/files-2.1/commons-codec/commons-codec/1.10/4b95f4897fa13f2cd904aee711aeafc0c5295cd8/commons-codec-1.10.jar to classpath.
[15:50:18] [main/DEBUG] (FabricLoader/Knot) Adding /home/shaweel/.gradle/caches/modules-2/files-2.1/net.java.jinput/jinput/2.0.5/39c7796b469a600f72380316f6b1f11db6c2c7c4/jinput-2.0.5.jar to classpath.
[15:50:18] [main/DEBUG] (FabricLoader/Knot) Adding /home/shaweel/.gradle/caches/modules-2/files-2.1/net.java.jutils/jutils/1.0.0/e12fe1fda814bd348c1579329c86943d2cd3c6a6/jutils-1.0.0.jar to classpath.
[15:50:18] [main/DEBUG] (FabricLoader/Knot) Adding /home/shaweel/.gradle/caches/modules-2/files-2.1/com.mojang/brigadier/1.0.17/c6b7dc51dd44379cc751b7504816006e9be4b1e6/brigadier-1.0.17.jar to classpath.
[15:50:18] [main/DEBUG] (FabricLoader/Knot) Adding /home/shaweel/.gradle/caches/modules-2/files-2.1/com.mojang/datafixerupper/2.0.24/944c24a8519981847ffb36c6dcd059d96fcb4b0/datafixerupper-2.0.24.jar to classpath.
[15:50:18] [main/DEBUG] (FabricLoader/Knot) Adding /home/shaweel/.gradle/caches/modules-2/files-2.1/org.apache.commons/commons-compress/1.8.1/a698750c16740fd5b3871425f4cb3bbaa87f529d/commons-compress-1.8.1.jar to classpath.
[15:50:18] [main/DEBUG] (FabricLoader/Knot) Adding /home/shaweel/.gradle/caches/modules-2/files-2.1/org.apache.httpcomponents/httpclient/4.3.3/18f4247ff4572a074444572cee34647c43e7c9c7/httpclient-4.3.3.jar to classpath.
[15:50:18] [main/DEBUG] (FabricLoader/Knot) Adding /home/shaweel/.gradle/caches/modules-2/files-2.1/commons-logging/commons-logging/1.1.3/f6f66e966c70a83ffbdb6f17a0919eaf7c8aca7f/commons-logging-1.1.3.jar to classpath.
[15:50:18] [main/DEBUG] (FabricLoader/Knot) Adding /home/shaweel/.gradle/caches/modules-2/files-2.1/org.apache.httpcomponents/httpcore/4.3.2/31fbbff1ddbf98f3aa7377c94d33b0447c646b6e/httpcore-4.3.2.jar to classpath.
[15:50:18] [main/DEBUG] (FabricLoader/Knot) Adding /home/shaweel/.gradle/caches/modules-2/files-2.1/it.unimi.dsi/fastutil/8.2.1/5ad88f325e424f8dbc2be5459e21ea5cab3864e9/fastutil-8.2.1.jar to classpath.
[15:50:18] [main/DEBUG] (FabricLoader/Knot) Adding /home/shaweel/.gradle/caches/modules-2/files-2.1/org.lwjgl/lwjgl/3.2.2/8ad6294407e15780b43e84929c40e4c5e997972e/lwjgl-3.2.2.jar to classpath.
[15:50:18] [main/DEBUG] (FabricLoader/Knot) Adding /home/shaweel/.gradle/caches/modules-2/files-2.1/org.lwjgl/lwjgl-jemalloc/3.2.2/ee8e57a79300f78294576d87c4a587f8c99402e2/lwjgl-jemalloc-3.2.2.jar to classpath.
[15:50:18] [main/DEBUG] (FabricLoader/Knot) Adding /home/shaweel/.gradle/caches/modules-2/files-2.1/org.lwjgl/lwjgl-openal/3.2.2/2b772a102b0a11ee5f2109a5b136f4dc7c630827/lwjgl-openal-3.2.2.jar to classpath.
[15:50:18] [main/DEBUG] (FabricLoader/Knot) Adding /home/shaweel/.gradle/caches/modules-2/files-2.1/org.lwjgl/lwjgl-opengl/3.2.2/6ac5bb88b44c43ea195a570aab059f63da004cd8/lwjgl-opengl-3.2.2.jar to classpath.
[15:50:18] [main/DEBUG] (FabricLoader/Knot) Adding /home/shaweel/.gradle/caches/modules-2/files-2.1/org.lwjgl/lwjgl-glfw/3.2.2/d3ad4df38e400b8afba1de63f84338809399df5b/lwjgl-glfw-3.2.2.jar to classpath.
[15:50:18] [main/DEBUG] (FabricLoader/Knot) Adding /home/shaweel/.gradle/caches/modules-2/files-2.1/org.lwjgl/lwjgl-stb/3.2.2/3b8e6ebc5851dd3d17e37e5cadce2eff2a429f0f/lwjgl-stb-3.2.2.jar to classpath.
[15:50:18] [main/DEBUG] (FabricLoader/Knot) Adding /home/shaweel/.gradle/caches/modules-2/files-2.1/com.mojang/text2speech/1.11.3/f378f889797edd7df8d32272c06ca80a1b6b0f58/text2speech-1.11.3.jar to classpath.
[15:50:18] [main/DEBUG] (FabricLoader/Knot) Adding /home/shaweel/Code/transformable-items/.gradle/loom-cache/remapped_mods/remapped/me/shedaniel/cloth/config-2-5c85d194/1.8/config-2-5c85d194-1.8.jar to classpath.
[15:50:18] [main/DEBUG] (FabricLoader/Knot) Adding /home/shaweel/Code/transformable-items/.gradle/loom-cache/remapped_mods/remapped/net/fabricmc/fabric-api/fabric-api-5c85d194/0.3.0+build.207/fabric-api-5c85d194-0.3.0+build.207.jar to classpath.
[15:50:18] [main/DEBUG] (FabricLoader/Knot) Adding /home/shaweel/Code/transformable-items/.gradle/loom-cache/remapped_mods/remapped/net/fabricmc/fabric-api/fabric-api-base-5c85d194/0.1.0+b494ebeb42/fabric-api-base-5c85d194-0.1.0+b494ebeb42.jar to classpath.
[15:50:18] [main/DEBUG] (FabricLoader/Knot) Adding /home/shaweel/Code/transformable-items/.gradle/loom-cache/remapped_mods/remapped/net/fabricmc/fabric-api/fabric-biomes-v1-5c85d194/0.1.0+896c7fbb42/fabric-biomes-v1-5c85d194-0.1.0+896c7fbb42.jar to classpath.
[15:50:18] [main/DEBUG] (FabricLoader/Knot) Adding /home/shaweel/Code/transformable-items/.gradle/loom-cache/remapped_mods/remapped/net/fabricmc/fabric-api/fabric-commands-v0-5c85d194/0.1.1+b494ebeb42/fabric-commands-v0-5c85d194-0.1.1+b494ebeb42.jar to classpath.
[15:50:18] [main/DEBUG] (FabricLoader/Knot) Adding /home/shaweel/Code/transformable-items/.gradle/loom-cache/remapped_mods/remapped/net/fabricmc/fabric-api/fabric-containers-v0-5c85d194/0.1.2+b494ebeb42/fabric-containers-v0-5c85d194-0.1.2+b494ebeb42.jar to classpath.
[15:50:18] [main/DEBUG] (FabricLoader/Knot) Adding /home/shaweel/Code/transformable-items/.gradle/loom-cache/remapped_mods/remapped/net/fabricmc/fabric-api/fabric-content-registries-v0-5c85d194/0.1.1+b494ebeb42/fabric-content-registries-v0-5c85d194-0.1.1+b494ebeb42.jar to classpath.
[15:50:18] [main/DEBUG] (FabricLoader/Knot) Adding /home/shaweel/Code/transformable-items/.gradle/loom-cache/remapped_mods/remapped/net/fabricmc/fabric-api/fabric-crash-report-info-v1-5c85d194/0.1.0+5914746342/fabric-crash-report-info-v1-5c85d194-0.1.0+5914746342.jar to classpath.
[15:50:18] [main/DEBUG] (FabricLoader/Knot) Adding /home/shaweel/Code/transformable-items/.gradle/loom-cache/remapped_mods/remapped/net/fabricmc/fabric-api/fabric-events-interaction-v0-5c85d194/0.1.0+ea100f6142/fabric-events-interaction-v0-5c85d194-0.1.0+ea100f6142.jar to classpath.
[15:50:18] [main/DEBUG] (FabricLoader/Knot) Adding /home/shaweel/Code/transformable-items/.gradle/loom-cache/remapped_mods/remapped/net/fabricmc/fabric-api/fabric-events-lifecycle-v0-5c85d194/0.1.0+5914746342/fabric-events-lifecycle-v0-5c85d194-0.1.0+5914746342.jar to classpath.
[15:50:18] [main/DEBUG] (FabricLoader/Knot) Adding /home/shaweel/Code/transformable-items/.gradle/loom-cache/remapped_mods/remapped/net/fabricmc/fabric-api/fabric-item-groups-v0-5c85d194/0.1.0+1e69a0a542/fabric-item-groups-v0-5c85d194-0.1.0+1e69a0a542.jar to classpath.
[15:50:18] [main/DEBUG] (FabricLoader/Knot) Adding /home/shaweel/Code/transformable-items/.gradle/loom-cache/remapped_mods/remapped/net/fabricmc/fabric-api/fabric-keybindings-v0-5c85d194/0.1.1+7dfef87c42/fabric-keybindings-v0-5c85d194-0.1.1+7dfef87c42.jar to classpath.
[15:50:18] [main/DEBUG] (FabricLoader/Knot) Adding /home/shaweel/Code/transformable-items/.gradle/loom-cache/remapped_mods/remapped/net/fabricmc/fabric-api/fabric-loot-tables-v1-5c85d194/0.1.0+b494ebeb42/fabric-loot-tables-v1-5c85d194-0.1.0+b494ebeb42.jar to classpath.
[15:50:18] [main/DEBUG] (FabricLoader/Knot) Adding /home/shaweel/Code/transformable-items/.gradle/loom-cache/remapped_mods/remapped/net/fabricmc/fabric-api/fabric-mining-levels-v0-5c85d194/0.1.0+ab421b9c42/fabric-mining-levels-v0-5c85d194-0.1.0+ab421b9c42.jar to classpath.
[15:50:18] [main/DEBUG] (FabricLoader/Knot) Adding /home/shaweel/Code/transformable-items/.gradle/loom-cache/remapped_mods/remapped/net/fabricmc/fabric-api/fabric-models-v0-5c85d194/0.1.0+5914746342/fabric-models-v0-5c85d194-0.1.0+5914746342.jar to classpath.
[15:50:18] [main/DEBUG] (FabricLoader/Knot) Adding /home/shaweel/Code/transformable-items/.gradle/loom-cache/remapped_mods/remapped/net/fabricmc/fabric-api/fabric-networking-blockentity-v0-5c85d194/0.1.1+b494ebeb42/fabric-networking-blockentity-v0-5c85d194-0.1.1+b494ebeb42.jar to classpath.
[15:50:18] [main/DEBUG] (FabricLoader/Knot) Adding /home/shaweel/Code/transformable-items/.gradle/loom-cache/remapped_mods/remapped/net/fabricmc/fabric-api/fabric-networking-v0-5c85d194/0.1.2+9b03381f42/fabric-networking-v0-5c85d194-0.1.2+9b03381f42.jar to classpath.
[15:50:18] [main/DEBUG] (FabricLoader/Knot) Adding /home/shaweel/Code/transformable-items/.gradle/loom-cache/remapped_mods/remapped/net/fabricmc/fabric-api/fabric-object-builders-v0-5c85d194/0.1.1+9b03381f42/fabric-object-builders-v0-5c85d194-0.1.1+9b03381f42.jar to classpath.
[15:50:18] [main/DEBUG] (FabricLoader/Knot) Adding /home/shaweel/Code/transformable-items/.gradle/loom-cache/remapped_mods/remapped/net/fabricmc/fabric-api/fabric-registry-sync-v0-5c85d194/0.2.2+9b03381f42/fabric-registry-sync-v0-5c85d194-0.2.2+9b03381f42.jar to classpath.
[15:50:18] [main/DEBUG] (FabricLoader/Knot) Adding /home/shaweel/Code/transformable-items/.gradle/loom-cache/remapped_mods/remapped/net/fabricmc/fabric-api/fabric-renderer-api-v1-5c85d194/0.1.1+9b03381f42/fabric-renderer-api-v1-5c85d194-0.1.1+9b03381f42.jar to classpath.
[15:50:18] [main/DEBUG] (FabricLoader/Knot) Adding /home/shaweel/Code/transformable-items/.gradle/loom-cache/remapped_mods/remapped/net/fabricmc/fabric-api/fabric-renderer-indigo-5c85d194/0.1.9+9b03381f42/fabric-renderer-indigo-5c85d194-0.1.9+9b03381f42.jar to classpath.
[15:50:18] [main/DEBUG] (FabricLoader/Knot) Adding /home/shaweel/Code/transformable-items/.gradle/loom-cache/remapped_mods/remapped/net/fabricmc/fabric-api/fabric-rendering-data-attachment-v1-5c85d194/0.1.0+b494ebeb42/fabric-rendering-data-attachment-v1-5c85d194-0.1.0+b494ebeb42.jar to classpath.
[15:50:18] [main/DEBUG] (FabricLoader/Knot) Adding /home/shaweel/Code/transformable-items/.gradle/loom-cache/remapped_mods/remapped/net/fabricmc/fabric-api/fabric-rendering-fluids-v1-5c85d194/0.1.0+dc4c57c242/fabric-rendering-fluids-v1-5c85d194-0.1.0+dc4c57c242.jar to classpath.
[15:50:18] [main/DEBUG] (FabricLoader/Knot) Adding /home/shaweel/Code/transformable-items/.gradle/loom-cache/remapped_mods/remapped/net/fabricmc/fabric-api/fabric-rendering-v0-5c85d194/0.1.1+6dad974e42/fabric-rendering-v0-5c85d194-0.1.1+6dad974e42.jar to classpath.
[15:50:18] [main/DEBUG] (FabricLoader/Knot) Adding /home/shaweel/Code/transformable-items/.gradle/loom-cache/remapped_mods/remapped/net/fabricmc/fabric-api/fabric-resource-loader-v0-5c85d194/0.1.1+7495ea2842/fabric-resource-loader-v0-5c85d194-0.1.1+7495ea2842.jar to classpath.
[15:50:18] [main/DEBUG] (FabricLoader/Knot) Adding /home/shaweel/Code/transformable-items/.gradle/loom-cache/remapped_mods/remapped/net/fabricmc/fabric-api/fabric-tag-extensions-v0-5c85d194/0.1.1+b494ebeb42/fabric-tag-extensions-v0-5c85d194-0.1.1+b494ebeb42.jar to classpath.
[15:50:18] [main/DEBUG] (FabricLoader/Knot) Adding /home/shaweel/Code/transformable-items/.gradle/loom-cache/remapped_mods/remapped/net/fabricmc/fabric-api/fabric-textures-v0-5c85d194/0.1.4+b494ebeb42/fabric-textures-v0-5c85d194-0.1.4+b494ebeb42.jar to classpath.
[15:50:18] [main/DEBUG] (FabricLoader/Knot) Adding /home/shaweel/Code/transformable-items/.gradle/loom-cache/remapped_mods/remapped/io/github/prospector/modmenu-5c85d194/1.7.17+build.1/modmenu-5c85d194-1.7.17+build.1.jar to classpath.
[15:50:18] [main/DEBUG] (FabricLoader/Knot) Adding /home/shaweel/.gradle/caches/modules-2/files-2.1/net.fabricmc/dev-launch-injector/0.2.1+build.8/da8bef7e6e2f952da707f282bdb46882a0fce5e3/dev-launch-injector-0.2.1+build.8.jar to classpath.
[15:50:18] [main/DEBUG] (FabricLoader/Knot) Adding /home/shaweel/.gradle/caches/modules-2/files-2.1/org.lwjgl/lwjgl/3.3.2/4421d94af68e35dcaa31737a6fc59136a1e61b94/lwjgl-3.3.2.jar to classpath.
[15:50:18] [main/DEBUG] (FabricLoader/Knot) Adding /home/shaweel/.gradle/caches/modules-2/files-2.1/org.lwjgl/lwjgl-jemalloc/3.3.2/877e17e39ebcd58a9c956dc3b5b777813de0873a/lwjgl-jemalloc-3.3.2.jar to classpath.
[15:50:18] [main/DEBUG] (FabricLoader/Knot) Adding /home/shaweel/.gradle/caches/modules-2/files-2.1/org.lwjgl/lwjgl-openal/3.3.2/ae5357ed6d934546d3533993ea84c0cfb75eed95/lwjgl-openal-3.3.2.jar to classpath.
[15:50:18] [main/DEBUG] (FabricLoader/Knot) Adding /home/shaweel/.gradle/caches/modules-2/files-2.1/org.lwjgl/lwjgl-opengl/3.3.2/ee8e95be0b438602038bc1f02dc5e3d011b1b216/lwjgl-opengl-3.3.2.jar to classpath.
[15:50:18] [main/DEBUG] (FabricLoader/Knot) Adding /home/shaweel/.gradle/caches/modules-2/files-2.1/org.lwjgl/lwjgl-glfw/3.3.2/757920418805fb90bfebb3d46b1d9e7669fca2eb/lwjgl-glfw-3.3.2.jar to classpath.
[15:50:18] [main/DEBUG] (FabricLoader/Knot) Adding /home/shaweel/.gradle/caches/modules-2/files-2.1/org.lwjgl/lwjgl-stb/3.3.2/a2550795014d622b686e9caac50b14baa87d2c70/lwjgl-stb-3.3.2.jar to classpath.
[15:50:18] [main/DEBUG] (FabricLoader/Knot) Adding /home/shaweel/Code/transformable-items/.gradle/loom-cache/remapped_mods/remapped/net/fabricmc/fabric-api/fabric-resource-loader-v0-5c85d194/0.1.3+b02deb0042/fabric-resource-loader-v0-5c85d194-0.1.3+b02deb0042.jar to classpath.
[15:50:18] [main/DEBUG] (FabricLoader/Knot) Adding /home/shaweel/.gradle/caches/fabric-loom/1.14.4/loom.mappings.1_14_4.layered+hash.2198-v2/mappings.jar to classpath.
[15:50:18] [main/DEBUG] (FabricLoader/Entrypoint) No subscribers for entrypoint 'preLaunch'
[15:50:18] [main/DEBUG] (FabricLoader/Mixin) Preparing mixins for MixinEnvironment[DEFAULT]
[15:50:18] [main/DEBUG] (FabricLoader/Mixin) Selecting config fabric-containers-v0.mixins.json
[15:50:18] [main/DEBUG] (FabricLoader/Mixin) Remapping refMap fabric-containers-v0-refmap.json using remapper chain
[15:50:18] [main/DEBUG] (FabricLoader/Mixin) Selecting config fabric-containers-v0.accurate.mixins.json
[15:50:18] [main/DEBUG] (FabricLoader/Mixin) Remapping refMap fabric-containers-v0-refmap.json using remapper chain
[15:50:18] [main/DEBUG] (FabricLoader/Mixin) Selecting config mixinextras.init.mixins.json
[15:50:18] [main/DEBUG] (FabricLoader/MixinExtras|Service) com.llamalad7.mixinextras.service.MixinExtrasServiceImpl(version=0.5.4) is taking over from null
[15:50:18] [main/DEBUG] (FabricLoader/Mixin) Registering new injector for @Inject with org.spongepowered.asm.mixin.injection.struct.CallbackInjectionInfo
[15:50:18] [main/DEBUG] (FabricLoader/Mixin) Registering new injector for @ModifyArg with org.spongepowered.asm.mixin.injection.struct.ModifyArgInjectionInfo
[15:50:18] [main/DEBUG] (FabricLoader/Mixin) Registering new injector for @ModifyArgs with org.spongepowered.asm.mixin.injection.struct.ModifyArgsInjectionInfo
[15:50:18] [main/DEBUG] (FabricLoader/Mixin) Registering new injector for @Redirect with org.spongepowered.asm.mixin.injection.struct.RedirectInjectionInfo
[15:50:18] [main/DEBUG] (FabricLoader/Mixin) Registering new injector for @ModifyVariable with org.spongepowered.asm.mixin.injection.struct.ModifyVariableInjectionInfo
[15:50:18] [main/DEBUG] (FabricLoader/Mixin) Registering new injector for @ModifyConstant with org.spongepowered.asm.mixin.injection.struct.ModifyConstantInjectionInfo
[15:50:18] [main/DEBUG] (FabricLoader/Mixin) Selecting config fabric-registry-sync-v0.mixins.json
[15:50:18] [main/DEBUG] (FabricLoader/Mixin) Remapping refMap fabric-registry-sync-v0-refmap.json using remapper chain
[15:50:18] [main/DEBUG] (FabricLoader/Mixin) Selecting config fabric-networking-v0.mixins.json
[15:50:18] [main/DEBUG] (FabricLoader/Mixin) Remapping refMap fabric-networking-v0-refmap.json using remapper chain
[15:50:18] [main/DEBUG] (FabricLoader/Mixin) Selecting config fabric-rendering-v0.mixins.json
[15:50:18] [main/DEBUG] (FabricLoader/Mixin) Remapping refMap fabric-rendering-v0-refmap.json using remapper chain
[15:50:18] [main/DEBUG] (FabricLoader/Mixin) Selecting config fabric-events-lifecycle-v0.mixins.json
[15:50:18] [main/DEBUG] (FabricLoader/Mixin) Remapping refMap fabric-events-lifecycle-v0-refmap.json using remapper chain
[15:50:18] [main/DEBUG] (FabricLoader/Mixin) Selecting config fabric-models-v0.mixins.json
[15:50:18] [main/DEBUG] (FabricLoader/Mixin) Remapping refMap fabric-models-v0-refmap.json using remapper chain
[15:50:18] [main/DEBUG] (FabricLoader/Mixin) Selecting config fabric-biomes-v1.mixins.json
[15:50:18] [main/DEBUG] (FabricLoader/Mixin) Remapping refMap fabric-biomes-v1-refmap.json using remapper chain
[15:50:18] [main/DEBUG] (FabricLoader/Mixin) Selecting config transformable-items.mixins.json
[15:50:18] [main/DEBUG] (FabricLoader/Mixin) Selecting config fabric-mining-levels-v0.mixins.json
[15:50:18] [main/DEBUG] (FabricLoader/Mixin) Remapping refMap fabric-mining-levels-v0-refmap.json using remapper chain
[15:50:18] [main/DEBUG] (FabricLoader/Mixin) Selecting config fabric-keybindings-v0.mixins.json
[15:50:18] [main/DEBUG] (FabricLoader/Mixin) Remapping refMap fabric-keybindings-v0-refmap.json using remapper chain
[15:50:18] [main/DEBUG] (FabricLoader/Mixin) Selecting config fabric-rendering-fluids-v1.mixins.json
[15:50:18] [main/DEBUG] (FabricLoader/Mixin) Remapping refMap fabric-rendering-fluids-v1-refmap.json using remapper chain
[15:50:18] [main/DEBUG] (FabricLoader/Mixin) Selecting config fabric-commands-v0.mixins.json
[15:50:18] [main/DEBUG] (FabricLoader/Mixin) Remapping refMap fabric-commands-v0-refmap.json using remapper chain
[15:50:18] [main/DEBUG] (FabricLoader/Mixin) Selecting config fabric-crash-report-info-v1.mixins.json
[15:50:18] [main/DEBUG] (FabricLoader/Mixin) Remapping refMap fabric-crash-report-info-v1-refmap.json using remapper chain
[15:50:18] [main/DEBUG] (FabricLoader/Mixin) Selecting config fabric-resource-loader-v0.mixins.json
[15:50:18] [main/DEBUG] (FabricLoader/Mixin) Remapping refMap fabric-resource-loader-v0-refmap.json using remapper chain
[15:50:18] [main/DEBUG] (FabricLoader/Mixin) Selecting config fabric-object-builders-v0.mixins.json
[15:50:18] [main/DEBUG] (FabricLoader/Mixin) Remapping refMap fabric-object-builders-v0-refmap.json using remapper chain
[15:50:18] [main/DEBUG] (FabricLoader/Mixin) Selecting config fabric-events-interaction-v0.mixins.json
[15:50:18] [main/DEBUG] (FabricLoader/Mixin) Remapping refMap fabric-events-interaction-v0-refmap.json using remapper chain
[15:50:18] [main/DEBUG] (FabricLoader/Mixin) Selecting config fabric-tag-extensions-v0.mixins.json
[15:50:18] [main/DEBUG] (FabricLoader/Mixin) Remapping refMap fabric-tag-extensions-v0-refmap.json using remapper chain
[15:50:18] [main/DEBUG] (FabricLoader/Mixin) Selecting config fabric-renderer-api-v1.mixins.json
[15:50:18] [main/DEBUG] (FabricLoader/Mixin) Remapping refMap fabric-renderer-api-v1-refmap.json using remapper chain
[15:50:18] [main/DEBUG] (FabricLoader/Mixin) Selecting config fabric-renderer-api-v1.debughud.mixins.json
[15:50:18] [main/DEBUG] (FabricLoader/Mixin) Remapping refMap fabric-renderer-api-v1-refmap.json using remapper chain
[15:50:18] [main/DEBUG] (FabricLoader/Mixin) Selecting config mixins.modmenu.json
[15:50:18] [main/DEBUG] (FabricLoader/Mixin) Remapping refMap modmenu-refmap.json using remapper chain
[15:50:18] [main/DEBUG] (FabricLoader/Mixin) Selecting config fabric-textures-v0.mixins.json
[15:50:18] [main/DEBUG] (FabricLoader/Mixin) Remapping refMap fabric-textures-v0-refmap.json using remapper chain
[15:50:18] [main/DEBUG] (FabricLoader/Mixin) Selecting config fabric-renderer-indigo.mixins.json
[15:50:18] [main/DEBUG] (FabricLoader/Mixin) Remapping refMap fabric-renderer-indigo-refmap.json using remapper chain
[15:50:18] [main/DEBUG] (FabricLoader/Mixin) Selecting config fabric-rendering-data-attachment-v1.mixins.json
[15:50:18] [main/DEBUG] (FabricLoader/Mixin) Remapping refMap fabric-rendering-data-attachment-v1-refmap.json using remapper chain
[15:50:18] [main/DEBUG] (FabricLoader/Mixin) Selecting config fabric-networking-blockentity-v0.mixins.json
[15:50:18] [main/DEBUG] (FabricLoader/Mixin) Remapping refMap fabric-networking-blockentity-v0-refmap.json using remapper chain
[15:50:18] [main/DEBUG] (FabricLoader/Mixin) Selecting config fabric-item-groups-v0.mixins.json
[15:50:18] [main/DEBUG] (FabricLoader/Mixin) Remapping refMap fabric-item-groups-v0-refmap.json using remapper chain
[15:50:18] [main/DEBUG] (FabricLoader/Mixin) Selecting config fabric-content-registries-v0.mixins.json
[15:50:18] [main/DEBUG] (FabricLoader/Mixin) Remapping refMap fabric-content-registries-v0-refmap.json using remapper chain
[15:50:18] [main/DEBUG] (FabricLoader/Mixin) Selecting config fabric-loot-tables-v1.mixins.json
[15:50:18] [main/DEBUG] (FabricLoader/Mixin) Remapping refMap fabric-loot-tables-v1-refmap.json using remapper chain
[15:50:18] [main/DEBUG] (FabricLoader/Mixin) Preparing fabric-containers-v0.mixins.json (1)
[15:50:19] [main/DEBUG] (FabricLoader/Mixin) Preparing fabric-containers-v0.accurate.mixins.json (1)
[15:50:19] [main/DEBUG] (FabricLoader/Mixin) Preparing mixinextras.init.mixins.json (0)
[15:50:19] [main/DEBUG] (FabricLoader/Mixin) Preparing fabric-registry-sync-v0.mixins.json (10)
[15:50:19] [main/DEBUG] (FabricLoader/Mixin) Preparing fabric-networking-v0.mixins.json (7)
[15:50:19] [main/DEBUG] (FabricLoader/Mixin) Preparing fabric-rendering-v0.mixins.json (5)
[15:50:19] [main/DEBUG] (FabricLoader/Mixin) Preparing fabric-events-lifecycle-v0.mixins.json (3)
[15:50:19] [main/DEBUG] (FabricLoader/Mixin) Preparing fabric-models-v0.mixins.json (1)
[15:50:19] [main/DEBUG] (FabricLoader/Mixin) Preparing fabric-biomes-v1.mixins.json (6)
[15:50:19] [main/DEBUG] (FabricLoader/Mixin) Preparing transformable-items.mixins.json (4)
[15:50:19] [main/DEBUG] (FabricLoader/Mixin) Preparing fabric-mining-levels-v0.mixins.json (2)
[15:50:19] [main/DEBUG] (FabricLoader/Mixin) Preparing fabric-keybindings-v0.mixins.json (3)
[15:50:19] [main/DEBUG] (FabricLoader/Mixin) Preparing fabric-rendering-fluids-v1.mixins.json (1)
[15:50:19] [main/DEBUG] (FabricLoader/Mixin) Preparing fabric-commands-v0.mixins.json (2)
[15:50:19] [main/DEBUG] (FabricLoader/Mixin) Preparing fabric-crash-report-info-v1.mixins.json (1)
[15:50:19] [main/DEBUG] (FabricLoader/Mixin) Preparing fabric-resource-loader-v0.mixins.json (6)
[15:50:19] [main/DEBUG] (FabricLoader/Mixin) Preparing fabric-object-builders-v0.mixins.json (4)
[15:50:19] [main/DEBUG] (FabricLoader/Mixin) Preparing fabric-events-interaction-v0.mixins.json (5)
[15:50:19] [main/DEBUG] (FabricLoader/Mixin) Preparing fabric-tag-extensions-v0.mixins.json (2)
[15:50:19] [main/DEBUG] (FabricLoader/Mixin) Preparing fabric-renderer-api-v1.mixins.json (3)
[15:50:19] [main/DEBUG] (FabricLoader/Mixin) Preparing fabric-renderer-api-v1.debughud.mixins.json (1)
[15:50:19] [main/DEBUG] (FabricLoader/Mixin) Preparing mixins.modmenu.json (3)
[15:50:19] [main/DEBUG] (FabricLoader/Mixin) Preparing fabric-textures-v0.mixins.json (2)
[15:50:19] [main/DEBUG] (FabricLoader/Mixin) Preparing fabric-renderer-indigo.mixins.json (7)
[15:50:19] [main/DEBUG] (FabricLoader/Mixin) Preparing fabric-rendering-data-attachment-v1.mixins.json (3)
[15:50:19] [main/DEBUG] (FabricLoader/Mixin) Preparing fabric-networking-blockentity-v0.mixins.json (2)
[15:50:19] [main/DEBUG] (FabricLoader/Mixin) Preparing fabric-item-groups-v0.mixins.json (3)
[15:50:19] [main/DEBUG] (FabricLoader/Mixin) Preparing fabric-content-registries-v0.mixins.json (2)
[15:50:19] [main/DEBUG] (FabricLoader/Mixin) Preparing fabric-loot-tables-v1.mixins.json (5)
[15:50:19] [main/DEBUG] (FabricLoader/Mixin) Inner class net/fabricmc/fabric/mixin/registry/MixinIdRegistry$1 in net/fabricmc/fabric/mixin/registry/MixinIdRegistry on net/minecraft/core/MappedRegistry gets unique name net/minecraft/core/MappedRegistry$Anonymous$64f1d01d17b6372887af3a6a0535d3b1
[15:50:19] [main/DEBUG] (FabricLoader/Mixin) Inner class net/fabricmc/indigo/renderer/mixin/MixinBufferBuilder$1 in net/fabricmc/indigo/renderer/mixin/MixinBufferBuilder on com/mojang/blaze3d/vertex/BufferBuilder gets unique name com/mojang/blaze3d/vertex/BufferBuilder$Anonymous$85ab2f1f59f23d1ab759d5d5f036eb9a
[15:50:19] [main/INFO] (FabricLoader/MixinExtras|Service) Initializing MixinExtras via com.llamalad7.mixinextras.service.MixinExtrasServiceImpl(version=0.5.4).
[15:50:19] [main/DEBUG] (FabricLoader/Mixin) Registering new injector for @SugarWrapper with com.llamalad7.mixinextras.sugar.impl.SugarWrapperInjectionInfo
[15:50:19] [main/DEBUG] (FabricLoader/Mixin) Registering new injector for @FactoryRedirectWrapper with com.llamalad7.mixinextras.wrapper.factory.FactoryRedirectWrapperInjectionInfo
[15:50:19] [main/DEBUG] (FabricLoader/Mixin) Registering new injector for @ExpressionInjectorWrapper with com.llamalad7.mixinextras.expression.impl.wrapper.ExpressionInjectorWrapperInjectionInfo
[15:50:19] [main/DEBUG] (FabricLoader/Mixin) Mixing MixinViewableWorld from fabric-rendering-data-attachment-v1.mixins.json into net.minecraft.world.level.LevelReader
[15:50:19] [main/DEBUG] (FabricLoader/Mixin) Mixing MixinWorld from fabric-events-lifecycle-v0.mixins.json into net.minecraft.world.level.Level
[15:50:19] [main/DEBUG] (FabricLoader/Mixin) fabric-events-lifecycle-v0.mixins.json:MixinWorld from mod fabric-events-lifecycle-v0->@Inject::tickBlockEntitiesAfter(Lorg/spongepowered/asm/mixin/injection/callback/CallbackInfo;)V doesn't use it's CallbackInfo
[15:50:19] [main/DEBUG] (FabricLoader/Mixin) fabric-events-lifecycle-v0.mixins.json:MixinWorld from mod fabric-events-lifecycle-v0->@Inject::tickBlockEntitiesAfter(Lorg/spongepowered/asm/mixin/injection/callback/CallbackInfo;)V has 0 override(s) in child classes
[15:50:19] [main/DEBUG] (FabricLoader/Mixin) fabric-events-lifecycle-v0.mixins.json:MixinWorld from mod fabric-events-lifecycle-v0->@Inject::tickBlockEntitiesAfter(Lorg/spongepowered/asm/mixin/injection/callback/CallbackInfo;)V won't be passed a CallbackInfo as a result
[15:50:19] [main/DEBUG] (FabricLoader/Mixin) Mixing client.MixinMinecraftClient from fabric-registry-sync-v0.mixins.json into net.minecraft.client.Minecraft
[15:50:19] [main/DEBUG] (FabricLoader/Mixin) Mixing MixinMinecraftClient from fabric-networking-v0.mixins.json into net.minecraft.client.Minecraft
[15:50:19] [main/DEBUG] (FabricLoader/Mixin) Mixing MixinMinecraftClient from fabric-events-lifecycle-v0.mixins.json into net.minecraft.client.Minecraft
[15:50:19] [main/DEBUG] (FabricLoader/Mixin) Mixing GuiOpener from transformable-items.mixins.json into net.minecraft.client.Minecraft
[15:50:19] [main/DEBUG] (FabricLoader/Mixin) Mixing MixinMinecraftGame from fabric-resource-loader-v0.mixins.json into net.minecraft.client.Minecraft
[15:50:19] [main/DEBUG] (FabricLoader/Mixin) Mixing MixinMinecraftClient from fabric-events-interaction-v0.mixins.json into net.minecraft.client.Minecraft
[15:50:19] [main/DEBUG] (FabricLoader/Mixin) fabric-registry-sync-v0.mixins.json:client.MixinMinecraftClient from mod fabric-registry-sync-v0->@Inject::disconnectAfter(Lnet/minecraft/client/gui/screens/Screen;Lorg/spongepowered/asm/mixin/injection/callback/CallbackInfo;)V doesn't use it's CallbackInfo
[15:50:19] [main/DEBUG] (FabricLoader/Mixin) fabric-registry-sync-v0.mixins.json:client.MixinMinecraftClient from mod fabric-registry-sync-v0->@Inject::disconnectAfter(Lnet/minecraft/client/gui/screens/Screen;Lorg/spongepowered/asm/mixin/injection/callback/CallbackInfo;)V has 0 override(s) in child classes
[15:50:19] [main/DEBUG] (FabricLoader/Mixin) fabric-registry-sync-v0.mixins.json:client.MixinMinecraftClient from mod fabric-registry-sync-v0->@Inject::disconnectAfter(Lnet/minecraft/client/gui/screens/Screen;Lorg/spongepowered/asm/mixin/injection/callback/CallbackInfo;)V won't be passed a CallbackInfo as a result
[15:50:19] [main/DEBUG] (FabricLoader/Mixin) fabric-networking-v0.mixins.json:MixinMinecraftClient from mod fabric-networking-v0->@Inject::disconnectAfter(Lnet/minecraft/client/gui/screens/Screen;Lorg/spongepowered/asm/mixin/injection/callback/CallbackInfo;)V doesn't use it's CallbackInfo
[15:50:19] [main/DEBUG] (FabricLoader/Mixin) fabric-networking-v0.mixins.json:MixinMinecraftClient from mod fabric-networking-v0->@Inject::disconnectAfter(Lnet/minecraft/client/gui/screens/Screen;Lorg/spongepowered/asm/mixin/injection/callback/CallbackInfo;)V has 0 override(s) in child classes
[15:50:19] [main/DEBUG] (FabricLoader/Mixin) fabric-networking-v0.mixins.json:MixinMinecraftClient from mod fabric-networking-v0->@Inject::disconnectAfter(Lnet/minecraft/client/gui/screens/Screen;Lorg/spongepowered/asm/mixin/injection/callback/CallbackInfo;)V won't be passed a CallbackInfo as a result
[15:50:19] [main/DEBUG] (FabricLoader/Mixin) fabric-events-lifecycle-v0.mixins.json:MixinMinecraftClient from mod fabric-events-lifecycle-v0->@Inject::tick(Lorg/spongepowered/asm/mixin/injection/callback/CallbackInfo;)V doesn't use it's CallbackInfo
[15:50:19] [main/DEBUG] (FabricLoader/Mixin) fabric-events-lifecycle-v0.mixins.json:MixinMinecraftClient from mod fabric-events-lifecycle-v0->@Inject::tick(Lorg/spongepowered/asm/mixin/injection/callback/CallbackInfo;)V has 0 override(s) in child classes
[15:50:19] [main/DEBUG] (FabricLoader/Mixin) fabric-events-lifecycle-v0.mixins.json:MixinMinecraftClient from mod fabric-events-lifecycle-v0->@Inject::tick(Lorg/spongepowered/asm/mixin/injection/callback/CallbackInfo;)V won't be passed a CallbackInfo as a result
[15:50:19] [main/DEBUG] (FabricLoader/Mixin) transformable-items.mixins.json:GuiOpener from mod transformable-items->@Inject::onTick(Lorg/spongepowered/asm/mixin/injection/callback/CallbackInfo;)V doesn't use it's CallbackInfo
[15:50:19] [main/DEBUG] (FabricLoader/Mixin) transformable-items.mixins.json:GuiOpener from mod transformable-items->@Inject::onTick(Lorg/spongepowered/asm/mixin/injection/callback/CallbackInfo;)V has 0 override(s) in child classes
[15:50:19] [main/DEBUG] (FabricLoader/Mixin) transformable-items.mixins.json:GuiOpener from mod transformable-items->@Inject::onTick(Lorg/spongepowered/asm/mixin/injection/callback/CallbackInfo;)V won't be passed a CallbackInfo as a result
[15:50:19] [main/DEBUG] (FabricLoader/Mixin) fabric-resource-loader-v0.mixins.json:MixinMinecraftGame from mod fabric-resource-loader-v0->@Inject::initResources(Lorg/spongepowered/asm/mixin/injection/callback/CallbackInfo;Ljava/util/List;)V doesn't use it's CallbackInfo
[15:50:19] [main/DEBUG] (FabricLoader/Mixin) fabric-resource-loader-v0.mixins.json:MixinMinecraftGame from mod fabric-resource-loader-v0->@Inject::initResources(Lorg/spongepowered/asm/mixin/injection/callback/CallbackInfo;Ljava/util/List;)V has 0 override(s) in child classes
[15:50:19] [main/DEBUG] (FabricLoader/Mixin) fabric-resource-loader-v0.mixins.json:MixinMinecraftGame from mod fabric-resource-loader-v0->@Inject::initResources(Lorg/spongepowered/asm/mixin/injection/callback/CallbackInfo;Ljava/util/List;)V won't be passed a CallbackInfo as a result
[15:50:19] [main/DEBUG] (FabricLoader/Mixin) fabric-resource-loader-v0.mixins.json:MixinMinecraftGame from mod fabric-resource-loader-v0->@Inject::reloadResources(Lorg/spongepowered/asm/mixin/injection/callback/CallbackInfoReturnable;Ljava/util/concurrent/CompletableFuture;Ljava/util/List;)V doesn't use it's CallbackInfoReturnable
[15:50:19] [main/DEBUG] (FabricLoader/Mixin) fabric-resource-loader-v0.mixins.json:MixinMinecraftGame from mod fabric-resource-loader-v0->@Inject::reloadResources(Lorg/spongepowered/asm/mixin/injection/callback/CallbackInfoReturnable;Ljava/util/concurrent/CompletableFuture;Ljava/util/List;)V has 0 override(s) in child classes
[15:50:19] [main/DEBUG] (FabricLoader/Mixin) fabric-resource-loader-v0.mixins.json:MixinMinecraftGame from mod fabric-resource-loader-v0->@Inject::reloadResources(Lorg/spongepowered/asm/mixin/injection/callback/CallbackInfoReturnable;Ljava/util/concurrent/CompletableFuture;Ljava/util/List;)V won't be passed a CallbackInfoReturnable as a result
[15:50:19] [main/DEBUG] (FabricLoader/Mixin) fabric-events-interaction-v0.mixins.json:MixinMinecraftClient from mod fabric-events-interaction-v0->@Inject::fabric_doItemPickWrapper(Lorg/spongepowered/asm/mixin/injection/callback/CallbackInfo;)V does use it's CallbackInfo
[15:50:19] [main/DEBUG] (FabricLoader/Mixin) fabric-events-interaction-v0.mixins.json:MixinMinecraftClient from mod fabric-events-interaction-v0->@Inject::cancelItemPick(Lorg/spongepowered/asm/mixin/injection/callback/CallbackInfo;)V does use it's CallbackInfo
[15:50:19] [main/DEBUG] (FabricLoader/Mixin) Mixing MixinTitleScreen from mixins.modmenu.json into net.minecraft.client.gui.screens.TitleScreen
[15:50:19] [main/DEBUG] (FabricLoader/Mixin) mixins.modmenu.json:MixinTitleScreen from mod modmenu->@Inject::drawMenuButton(Lorg/spongepowered/asm/mixin/injection/callback/CallbackInfo;)V doesn't use it's CallbackInfo
[15:50:19] [main/DEBUG] (FabricLoader/Mixin) mixins.modmenu.json:MixinTitleScreen from mod modmenu->@Inject::drawMenuButton(Lorg/spongepowered/asm/mixin/injection/callback/CallbackInfo;)V has 0 override(s) in child classes
[15:50:19] [main/DEBUG] (FabricLoader/Mixin) mixins.modmenu.json:MixinTitleScreen from mod modmenu->@Inject::drawMenuButton(Lorg/spongepowered/asm/mixin/injection/callback/CallbackInfo;)V won't be passed a CallbackInfo as a result
[15:50:19] [main/DEBUG] (FabricLoader/Mixin) Mixing MixinGameMenuScreen from mixins.modmenu.json into net.minecraft.client.gui.screens.PauseScreen
[15:50:19] [main/DEBUG] (FabricLoader/Mixin) mixins.modmenu.json:MixinGameMenuScreen from mod modmenu->@Inject::drawMenuButton(Lorg/spongepowered/asm/mixin/injection/callback/CallbackInfo;)V doesn't use it's CallbackInfo
[15:50:19] [main/DEBUG] (FabricLoader/Mixin) mixins.modmenu.json:MixinGameMenuScreen from mod modmenu->@Inject::drawMenuButton(Lorg/spongepowered/asm/mixin/injection/callback/CallbackInfo;)V has 0 override(s) in child classes
[15:50:19] [main/DEBUG] (FabricLoader/Mixin) mixins.modmenu.json:MixinGameMenuScreen from mod modmenu->@Inject::drawMenuButton(Lorg/spongepowered/asm/mixin/injection/callback/CallbackInfo;)V won't be passed a CallbackInfo as a result
[15:50:19] [main/DEBUG] (FabricLoader/Mixin) Mixing MixinDefaultResourcePack from fabric-resource-loader-v0.mixins.json into net.minecraft.server.packs.VanillaPack
[15:50:19] [main/DEBUG] (FabricLoader/Mixin) fabric-resource-loader-v0.mixins.json:MixinDefaultResourcePack from mod fabric-resource-loader-v0->@Inject::onFindInputStream(Lnet/minecraft/server/packs/PackType;Lnet/minecraft/resources/ResourceLocation;Lorg/spongepowered/asm/mixin/injection/callback/CallbackInfoReturnable;)V does use it's CallbackInfoReturnable
[15:50:19] [main/INFO] (net.minecraft.client.Minecraft) Setting user: Player944
[15:50:19] [main/DEBUG] (FabricLoader/Mixin) Mixing MixinBootstrap from fabric-registry-sync-v0.mixins.json into net.minecraft.server.Bootstrap
[15:50:19] [main/DEBUG] (FabricLoader/Mixin) Renaming synthetic method lambda$initialize$1(Lnet/minecraft/world/level/material/Fluid;)Ljava/util/Collection; to md0bc5bd$fabric-registry-sync-v0$lambda$initialize$1$0 in fabric-registry-sync-v0.mixins.json:MixinBootstrap from mod fabric-registry-sync-v0
[15:50:19] [main/DEBUG] (FabricLoader/Mixin) Renaming synthetic method lambda$initialize$0(Lnet/minecraft/world/level/block/Block;)Ljava/util/Collection; to md0bc5bd$fabric-registry-sync-v0$lambda$initialize$0$1 in fabric-registry-sync-v0.mixins.json:MixinBootstrap from mod fabric-registry-sync-v0
[15:50:19] [main/DEBUG] (FabricLoader/Mixin) fabric-registry-sync-v0.mixins.json:MixinBootstrap from mod fabric-registry-sync-v0->@Inject::initialize(Lorg/spongepowered/asm/mixin/injection/callback/CallbackInfo;)V doesn't use it's CallbackInfo
[15:50:19] [main/DEBUG] (FabricLoader/Mixin) Mixing MixinIdRegistry from fabric-registry-sync-v0.mixins.json into net.minecraft.core.MappedRegistry
[15:50:19] [main/DEBUG] (FabricLoader/Mixin) Renaming synthetic method lambda$new$5([Lnet/fabricmc/fabric/api/event/registry/RegistryIdRemapCallback;)Lnet/fabricmc/fabric/api/event/registry/RegistryIdRemapCallback; to md0bc5bd$fabric-registry-sync-v0$lambda$new$5$0 in fabric-registry-sync-v0.mixins.json:MixinIdRegistry from mod fabric-registry-sync-v0
[15:50:19] [main/DEBUG] (FabricLoader/Mixin) Renaming synthetic method lambda$null$4([Lnet/fabricmc/fabric/api/event/registry/RegistryIdRemapCallback;Lnet/fabricmc/fabric/api/event/registry/RegistryIdRemapCallback$RemapState;)V to md0bc5bd$fabric-registry-sync-v0$lambda$null$4$1 in fabric-registry-sync-v0.mixins.json:MixinIdRegistry from mod fabric-registry-sync-v0
[15:50:19] [main/DEBUG] (FabricLoader/Mixin) Renaming synthetic method lambda$new$3([Lnet/fabricmc/fabric/api/event/registry/RegistryEntryRemovedCallback;)Lnet/fabricmc/fabric/api/event/registry/RegistryEntryRemovedCallback; to md0bc5bd$fabric-registry-sync-v0$lambda$new$3$2 in fabric-registry-sync-v0.mixins.json:MixinIdRegistry from mod fabric-registry-sync-v0
[15:50:19] [main/DEBUG] (FabricLoader/Mixin) Renaming synthetic method lambda$null$2([Lnet/fabricmc/fabric/api/event/registry/RegistryEntryRemovedCallback;ILnet/minecraft/resources/ResourceLocation;Ljava/lang/Object;)V to md0bc5bd$fabric-registry-sync-v0$lambda$null$2$3 in fabric-registry-sync-v0.mixins.json:MixinIdRegistry from mod fabric-registry-sync-v0
[15:50:19] [main/DEBUG] (FabricLoader/Mixin) Renaming synthetic method lambda$new$1([Lnet/fabricmc/fabric/api/event/registry/RegistryEntryAddedCallback;)Lnet/fabricmc/fabric/api/event/registry/RegistryEntryAddedCallback; to md0bc5bd$fabric-registry-sync-v0$lambda$new$1$4 in fabric-registry-sync-v0.mixins.json:MixinIdRegistry from mod fabric-registry-sync-v0
[15:50:19] [main/DEBUG] (FabricLoader/Mixin) Renaming synthetic method lambda$null$0([Lnet/fabricmc/fabric/api/event/registry/RegistryEntryAddedCallback;ILnet/minecraft/resources/ResourceLocation;Ljava/lang/Object;)V to md0bc5bd$fabric-registry-sync-v0$lambda$null$0$5 in fabric-registry-sync-v0.mixins.json:MixinIdRegistry from mod fabric-registry-sync-v0
[15:50:19] [main/DEBUG] (FabricLoader/Mixin) fabric-registry-sync-v0.mixins.json:MixinIdRegistry from mod fabric-registry-sync-v0->@Inject::setPre(ILnet/minecraft/resources/ResourceLocation;Ljava/lang/Object;Lorg/spongepowered/asm/mixin/injection/callback/CallbackInfoReturnable;)V doesn't use it's CallbackInfoReturnable
[15:50:19] [main/DEBUG] (FabricLoader/Mixin) fabric-registry-sync-v0.mixins.json:MixinIdRegistry from mod fabric-registry-sync-v0->@Inject::setPre(ILnet/minecraft/resources/ResourceLocation;Ljava/lang/Object;Lorg/spongepowered/asm/mixin/injection/callback/CallbackInfoReturnable;)V has 0 override(s) in child classes
[15:50:19] [main/DEBUG] (FabricLoader/Mixin) fabric-registry-sync-v0.mixins.json:MixinIdRegistry from mod fabric-registry-sync-v0->@Inject::setPre(ILnet/minecraft/resources/ResourceLocation;Ljava/lang/Object;Lorg/spongepowered/asm/mixin/injection/callback/CallbackInfoReturnable;)V won't be passed a CallbackInfoReturnable as a result
[15:50:19] [main/DEBUG] (FabricLoader/Mixin) fabric-registry-sync-v0.mixins.json:MixinIdRegistry from mod fabric-registry-sync-v0->@Inject::setPost(ILnet/minecraft/resources/ResourceLocation;Ljava/lang/Object;Lorg/spongepowered/asm/mixin/injection/callback/CallbackInfoReturnable;)V doesn't use it's CallbackInfoReturnable
[15:50:19] [main/DEBUG] (FabricLoader/Mixin) fabric-registry-sync-v0.mixins.json:MixinIdRegistry from mod fabric-registry-sync-v0->@Inject::setPost(ILnet/minecraft/resources/ResourceLocation;Ljava/lang/Object;Lorg/spongepowered/asm/mixin/injection/callback/CallbackInfoReturnable;)V has 0 override(s) in child classes
[15:50:19] [main/DEBUG] (FabricLoader/Mixin) fabric-registry-sync-v0.mixins.json:MixinIdRegistry from mod fabric-registry-sync-v0->@Inject::setPost(ILnet/minecraft/resources/ResourceLocation;Ljava/lang/Object;Lorg/spongepowered/asm/mixin/injection/callback/CallbackInfoReturnable;)V won't be passed a CallbackInfoReturnable as a result
[15:50:19] [main/DEBUG] (FabricLoader/Mixin) Mixing MixinBlock from fabric-object-builders-v0.mixins.json into net.minecraft.world.level.block.Block
[15:50:19] [main/DEBUG] (FabricLoader/Mixin) fabric-object-builders-v0.mixins.json:MixinBlock from mod fabric-object-builders-v0->@Inject::init(Lnet/minecraft/world/level/block/Block$Properties;Lorg/spongepowered/asm/mixin/injection/callback/CallbackInfo;)V doesn't use it's CallbackInfo
[15:50:19] [main/DEBUG] (FabricLoader/Mixin) fabric-object-builders-v0.mixins.json:MixinBlock from mod fabric-object-builders-v0->@Inject::init(Lnet/minecraft/world/level/block/Block$Properties;Lorg/spongepowered/asm/mixin/injection/callback/CallbackInfo;)V has 0 override(s) in child classes
[15:50:19] [main/DEBUG] (FabricLoader/Mixin) fabric-object-builders-v0.mixins.json:MixinBlock from mod fabric-object-builders-v0->@Inject::init(Lnet/minecraft/world/level/block/Block$Properties;Lorg/spongepowered/asm/mixin/injection/callback/CallbackInfo;)V won't be passed a CallbackInfo as a result
[15:50:19] [main/DEBUG] (FabricLoader/Mixin) Mixing MixinItem from fabric-object-builders-v0.mixins.json into net.minecraft.world.item.Item
[15:50:19] [main/DEBUG] (FabricLoader/Mixin) fabric-object-builders-v0.mixins.json:MixinItem from mod fabric-object-builders-v0->@Inject::init(Lnet/minecraft/world/item/Item$Properties;Lorg/spongepowered/asm/mixin/injection/callback/CallbackInfo;)V doesn't use it's CallbackInfo
[15:50:19] [main/DEBUG] (FabricLoader/Mixin) fabric-object-builders-v0.mixins.json:MixinItem from mod fabric-object-builders-v0->@Inject::init(Lnet/minecraft/world/item/Item$Properties;Lorg/spongepowered/asm/mixin/injection/callback/CallbackInfo;)V has 0 override(s) in child classes
[15:50:19] [main/DEBUG] (FabricLoader/Mixin) fabric-object-builders-v0.mixins.json:MixinItem from mod fabric-object-builders-v0->@Inject::init(Lnet/minecraft/world/item/Item$Properties;Lorg/spongepowered/asm/mixin/injection/callback/CallbackInfo;)V won't be passed a CallbackInfo as a result
[15:50:19] [main/DEBUG] (FabricLoader/Mixin) Mixing MixinIdList from fabric-registry-sync-v0.mixins.json into net.minecraft.core.IdMapper
[15:50:19] [main/DEBUG] (FabricLoader/Mixin) Renaming synthetic method lambda$fabric_remapIds$0(Lit/unimi/dsi/fastutil/ints/Int2IntMap;Ljava/lang/Object;Ljava/lang/Integer;)Ljava/lang/Integer; to md0bc5bd$fabric-registry-sync-v0$lambda$fabric_remapIds$0$0 in fabric-registry-sync-v0.mixins.json:MixinIdList from mod fabric-registry-sync-v0
[15:50:19] [main/DEBUG] (FabricLoader/Mixin) Mixing MixinFireBlock from fabric-content-registries-v0.mixins.json into net.minecraft.world.level.block.FireBlock
[15:50:19] [main/DEBUG] (FabricLoader/Mixin) fabric-content-registries-v0.mixins.json:MixinFireBlock from mod fabric-content-registries-v0->@Inject::afterConstruct(Lnet/minecraft/world/level/block/Block$Properties;Lorg/spongepowered/asm/mixin/injection/callback/CallbackInfo;)V doesn't use it's CallbackInfo
[15:50:19] [main/DEBUG] (FabricLoader/Mixin) fabric-content-registries-v0.mixins.json:MixinFireBlock from mod fabric-content-registries-v0->@Inject::afterConstruct(Lnet/minecraft/world/level/block/Block$Properties;Lorg/spongepowered/asm/mixin/injection/callback/CallbackInfo;)V has 0 override(s) in child classes
[15:50:19] [main/DEBUG] (FabricLoader/Mixin) fabric-content-registries-v0.mixins.json:MixinFireBlock from mod fabric-content-registries-v0->@Inject::afterConstruct(Lnet/minecraft/world/level/block/Block$Properties;Lorg/spongepowered/asm/mixin/injection/callback/CallbackInfo;)V won't be passed a CallbackInfo as a result
[15:50:19] [main/DEBUG] (FabricLoader/Mixin) fabric-content-registries-v0.mixins.json:MixinFireBlock from mod fabric-content-registries-v0->@Inject::getFabricBurnChance(Lnet/minecraft/world/level/block/state/BlockState;Lorg/spongepowered/asm/mixin/injection/callback/CallbackInfoReturnable;)V does use it's CallbackInfoReturnable
[15:50:19] [main/DEBUG] (FabricLoader/Mixin) fabric-content-registries-v0.mixins.json:MixinFireBlock from mod fabric-content-registries-v0->@Inject::getFabricSpreadChance(Lnet/minecraft/world/level/block/state/BlockState;Lorg/spongepowered/asm/mixin/injection/callback/CallbackInfoReturnable;)V does use it's CallbackInfoReturnable
[15:50:19] [main/DEBUG] (FabricLoader/Mixin) Mixing MaterialBuilderHooks from fabric-object-builders-v0.mixins.json into net.minecraft.world.level.material.Material$Builder
[15:50:19] [main/DEBUG] (FabricLoader/Mixin) Mixing BlockSettingsHooks from fabric-object-builders-v0.mixins.json into net.minecraft.world.level.block.Block$Properties
[15:50:19] [main/DEBUG] (FabricLoader/Mixin) Mixing MixinBlockEntity from fabric-rendering-data-attachment-v1.mixins.json into net.minecraft.world.level.block.entity.BlockEntity
[15:50:19] [main/DEBUG] (FabricLoader/Mixin) Mixing MixinBlockEntity from fabric-networking-blockentity-v0.mixins.json into net.minecraft.world.level.block.entity.BlockEntity
[15:50:19] [main/DEBUG] (FabricLoader/Mixin) fabric-networking-blockentity-v0.mixins.json:MixinBlockEntity from mod fabric-networking-blockentity-v0->@Inject::toUpdatePacket(Lorg/spongepowered/asm/mixin/injection/callback/CallbackInfoReturnable;)V does use it's CallbackInfoReturnable
[15:50:19] [main/DEBUG] (FabricLoader/Mixin) fabric-networking-blockentity-v0.mixins.json:MixinBlockEntity from mod fabric-networking-blockentity-v0->@Inject::toInitialChunkDataTag(Lorg/spongepowered/asm/mixin/injection/callback/CallbackInfoReturnable;)V does use it's CallbackInfoReturnable
[15:50:19] [main/DEBUG] (FabricLoader/Mixin) Mixing MixinAbstractFurnaceBlockEntity from fabric-content-registries-v0.mixins.json into net.minecraft.world.level.block.entity.AbstractFurnaceBlockEntity
[15:50:19] [main/DEBUG] (FabricLoader/Mixin) fabric-content-registries-v0.mixins.json:MixinAbstractFurnaceBlockEntity from mod fabric-content-registries-v0->@Inject::fuelTimeMapHook(Lorg/spongepowered/asm/mixin/injection/callback/CallbackInfoReturnable;)V does use it's CallbackInfoReturnable
[15:50:19] [main/DEBUG] (FabricLoader/Mixin) Mixing MiningToolItemAccessor from fabric-mining-levels-v0.mixins.json into net.minecraft.world.item.DiggerItem
[15:50:20] [main/DEBUG] (FabricLoader/Mixin) Mixing MixinItemStack from fabric-mining-levels-v0.mixins.json into net.minecraft.world.item.ItemStack
[15:50:20] [main/DEBUG] (FabricLoader/Mixin) fabric-mining-levels-v0.mixins.json:MixinItemStack from mod fabric-mining-levels-v0->@Inject::isEffectiveOn(Lnet/minecraft/world/level/block/state/BlockState;Lorg/spongepowered/asm/mixin/injection/callback/CallbackInfoReturnable;)V does use it's CallbackInfoReturnable
[15:50:20] [main/DEBUG] (FabricLoader/Mixin) fabric-mining-levels-v0.mixins.json:MixinItemStack from mod fabric-mining-levels-v0->@Inject::getBlockBreakingSpeed(Lnet/minecraft/world/level/block/state/BlockState;Lorg/spongepowered/asm/mixin/injection/callback/CallbackInfoReturnable;)V does use it's CallbackInfoReturnable
[15:50:20] [main/DEBUG] (FabricLoader/Mixin) Mixing MixinItemGroup from fabric-item-groups-v0.mixins.json into net.minecraft.world.item.CreativeModeTab
[15:50:20] [main/DEBUG] (FabricLoader/Mixin) Mixing client.MixinItemGroup from fabric-item-groups-v0.mixins.json into net.minecraft.world.item.CreativeModeTab
[15:50:20] [main/DEBUG] (FabricLoader/Mixin) fabric-item-groups-v0.mixins.json:client.MixinItemGroup from mod fabric-item-groups-v0->@Inject::isTopRow(Lorg/spongepowered/asm/mixin/injection/callback/CallbackInfoReturnable;)V does use it's CallbackInfoReturnable
[15:50:20] [main/DEBUG] (FabricLoader/Mixin) fabric-item-groups-v0.mixins.json:client.MixinItemGroup from mod fabric-item-groups-v0->@Inject::getColumn(Lorg/spongepowered/asm/mixin/injection/callback/CallbackInfoReturnable;)V does use it's CallbackInfoReturnable
[15:50:20] [main/DEBUG] (FabricLoader/Mixin) Mixing ServerPlayerEntityAccessor from fabric-containers-v0.mixins.json into net.minecraft.server.level.ServerPlayer
[15:50:20] [main/DEBUG] (FabricLoader/Mixin) Mixing MixinServerPlayerEntity from fabric-containers-v0.accurate.mixins.json into net.minecraft.server.level.ServerPlayer
[15:50:20] [main/DEBUG] (FabricLoader/Mixin) Mixing MixinServerPlayerEntity from fabric-events-interaction-v0.mixins.json into net.minecraft.server.level.ServerPlayer
[15:50:20] [main/DEBUG] (FabricLoader/Mixin) fabric-events-interaction-v0.mixins.json:MixinServerPlayerEntity from mod fabric-events-interaction-v0->@Inject::onPlayerInteractEntity(Lnet/minecraft/world/entity/Entity;Lorg/spongepowered/asm/mixin/injection/callback/CallbackInfo;)V does use it's CallbackInfo
[15:50:20] [main/DEBUG] (FabricLoader/Mixin) Mixing MixinTag from fabric-tag-extensions-v0.mixins.json into net.minecraft.tags.Tag
