[15:50:18] [main/INFO] (FabricLoader/GameProvider) Loading Minecraft 1.14.4 with Fabric Loader 0.19.3
[15:50:18] [main/INFO] (FabricLoader) Loading 33 mods:
	- cloth-config2 1.8
	- fabric 0.3.0+build.207
	- fabric-api-base 0.1.0+b494ebeb42
	- fabric-biomes-v1 0.1.0+896c7fbb42
	- fabric-commands-v0 0.1.1+b494ebeb42
	- fabric-containers-v0 0.1.2+b494ebeb42
	- fabric-content-registries-v0 0.1.1+b494ebeb42
	- fabric-crash-report-info-v1 0.1.0+5914746342
	- fabric-events-interaction-v0 0.1.0+ea100f6142
	- fabric-events-lifecycle-v0 0.1.0+5914746342
	- fabric-item-groups-v0 0.1.0+1e69a0a542
	- fabric-keybindings-v0 0.1.1+7dfef87c42
	- fabric-loot-tables-v1 0.1.0+b494ebeb42
	- fabric-mining-levels-v0 0.1.0+ab421b9c42
	- fabric-models-v0 0.1.0+5914746342
	- fabric-networking-blockentity-v0 0.1.1+b494ebeb42
	- fabric-networking-v0 0.1.2+9b03381f42
	- fabric-object-builders-v0 0.1.1+9b03381f42
	- fabric-registry-sync-v0 0.2.2+9b03381f42
	- fabric-renderer-api-v1 0.1.1+9b03381f42
	- fabric-renderer-indigo 0.1.9+9b03381f42
	- fabric-rendering-data-attachment-v1 0.1.0+b494ebeb42
	- fabric-rendering-fluids-v1 0.1.0+dc4c57c242
	- fabric-rendering-v0 0.1.1+6dad974e42
	- fabric-resource-loader-v0 0.1.3+b02deb0042
	- fabric-tag-extensions-v0 0.1.1+b494ebeb42
	- fabric-textures-v0 0.1.4+b494ebeb42
	- fabricloader 0.19.3
	- java 17
	- minecraft 1.14.4
	- mixinextras 0.5.4
	- modmenu 1.7.17+build.1
	- transformable-items 1.0.0
[15:50:18] [main/INFO] (FabricLoader/Mixin) SpongePowered MIXIN Subsystem Version=0.8.7 Source=file:/home/shaweel/.gradle/caches/modules-2/files-2.1/net.fabricmc/sponge-mixin/0.17.3+mixin.0.8.7/41c4a3984a80f4679e759fb9f495587acc5cdac7/sponge-mixin-0.17.3+mixin.0.8.7.jar Service=Knot/Fabric Env=CLIENT
[15:50:18] [main/INFO] (FabricLoader/Mixin) Loaded Fabric development mappings for mixin remapper!
[15:50:18] [main/INFO] (FabricLoader/Mixin) Compatibility level set to JAVA_17
[15:50:19] [main/INFO] (FabricLoader/MixinExtras|Service) Initializing MixinExtras via com.llamalad7.mixinextras.service.MixinExtrasServiceImpl(version=0.5.4).
[15:50:19] [main/INFO] (Minecraft) Setting user: Player944
